<?xml version="1.0" encoding="UTF-8"?>
<!-- Generated by org.testng.reporters.JUnitReportReporter -->
<testsuite hostname="DESKTOP-N985JV5" failures="0" tests="1" name="Browser.Testclass" time="18.634" errors="0" timestamp="2022-11-22T17:58:20 IST" skipped="0">
  <testcase classname="Browser.Testclass" name="verifytext" time="18.634"/>
  <system-out/>
</testsuite> <!-- Browser.Testclass -->
